<?xml version="1.0" encoding="UTF-8"?>
<!-- Generated by org.testng.reporters.JUnitReportReporter -->
<testsuite skipped="0" hostname="AFSWWWMJNT957O" name="com.meeting.frontend.LoginTest" tests="2" failures="0" timestamp="03 Jun 2019 20:09:24 GMT" time="2.026" errors="0">
  <testcase name="loginFail" time="1.178" classname="com.meeting.frontend.LoginTest"/>
  <testcase name="loginPass" time="0.848" classname="com.meeting.frontend.LoginTest"/>
</testsuite> <!-- com.meeting.frontend.LoginTest -->
