<?xml version="1.0" encoding="UTF-8"?>
<!-- Generated by org.testng.reporters.JUnitReportReporter -->
<testsuite skipped="0" hostname="AFSWWWMJNT957O" name="com.meeting.frontend.MeetingPageTest" tests="3" failures="0" timestamp="28 May 2019 18:40:39 GMT" time="2.897" errors="0">
  <testcase name="openApp" time="1.777" classname="com.meeting.frontend.MeetingPageTest"/>
  <testcase name="login" time="0.834" classname="com.meeting.frontend.MeetingPageTest"/>
  <testcase name="createNewMeeting" time="0.286" classname="com.meeting.frontend.MeetingPageTest"/>
</testsuite> <!-- com.meeting.frontend.MeetingPageTest -->
