<?xml version="1.0" encoding="UTF-8"?>
<!-- Generated by org.testng.reporters.JUnitReportReporter -->
<testsuite skipped="0" hostname="AFSWWWMJNT957O" name="com.meeting.service.MeetingServiceTest" tests="12" failures="0" timestamp="24 May 2019 21:07:49 GMT" time="0.090" errors="0">
  <testcase name="createNegative" time="0.049" classname="com.meeting.service.MeetingServiceTest"/>
  <testcase name="findAllPositive" time="0.003" classname="com.meeting.service.MeetingServiceTest"/>
  <testcase name="findByHostPositive" time="0.003" classname="com.meeting.service.MeetingServiceTest"/>
  <testcase name="findByIdPositive" time="0.003" classname="com.meeting.service.MeetingServiceTest"/>
  <testcase name="deleteByIdPositive" time="0.003" classname="com.meeting.service.MeetingServiceTest"/>
  <testcase name="updateNegative" time="0.004" classname="com.meeting.service.MeetingServiceTest"/>
  <testcase name="updatePositive" time="0.002" classname="com.meeting.service.MeetingServiceTest"/>
  <testcase name="deleteByIdNegative" time="0.004" classname="com.meeting.service.MeetingServiceTest"/>
  <testcase name="findByIdNegative" time="0.003" classname="com.meeting.service.MeetingServiceTest"/>
  <testcase name="findAllNegative" time="0.003" classname="com.meeting.service.MeetingServiceTest"/>
  <testcase name="findByHostNegative" time="0.003" classname="com.meeting.service.MeetingServiceTest"/>
  <testcase name="createPositive" time="0.010" classname="com.meeting.service.MeetingServiceTest"/>
</testsuite> <!-- com.meeting.service.MeetingServiceTest -->
