<?xml version="1.0" encoding="UTF-8"?>
<!-- Generated by org.testng.reporters.JUnitReportReporter -->
<testsuite skipped="0" hostname="AFSWWWMJNT957O" name="com.meeting.service.UserServiceTest" tests="14" failures="0" timestamp="31 May 2019 20:33:25 GMT" time="0.035" errors="0">
  <testcase name="CreateNotEquals" time="0.002" classname="com.meeting.service.UserServiceTest"/>
  <testcase name="loginFalse" time="0.002" classname="com.meeting.service.UserServiceTest"/>
  <testcase name="findByIdNull" time="0.007" classname="com.meeting.service.UserServiceTest"/>
  <testcase name="findByIdNotNull" time="0.002" classname="com.meeting.service.UserServiceTest"/>
  <testcase name="loginTrue" time="0.001" classname="com.meeting.service.UserServiceTest"/>
  <testcase name="deleteByIdFalse" time="0.002" classname="com.meeting.service.UserServiceTest"/>
  <testcase name="findAllNull" time="0.004" classname="com.meeting.service.UserServiceTest"/>
  <testcase name="findAllEquals" time="0.004" classname="com.meeting.service.UserServiceTest"/>
  <testcase name="createNotNull" time="0.002" classname="com.meeting.service.UserServiceTest"/>
  <testcase name="createNull" time="0.002" classname="com.meeting.service.UserServiceTest"/>
  <testcase name="deleteByIdTrue" time="0.001" classname="com.meeting.service.UserServiceTest"/>
  <testcase name="CreateEquals" time="0.002" classname="com.meeting.service.UserServiceTest"/>
  <testcase name="updateNotNull" time="0.002" classname="com.meeting.service.UserServiceTest"/>
  <testcase name="updateNull" time="0.002" classname="com.meeting.service.UserServiceTest"/>
</testsuite> <!-- com.meeting.service.UserServiceTest -->
