<?xml version="1.0" encoding="UTF-8"?>
<!-- Generated by org.testng.reporters.JUnitReportReporter -->
<testsuite skipped="0" hostname="AFSWWWMJNT957O" name="com.meeting.frontend.WebAppTest" tests="3" failures="0" timestamp="03 Jun 2019 20:10:46 GMT" time="3.459" errors="0">
  <testcase name="createMeeting" time="1.593" classname="com.meeting.frontend.WebAppTest"/>
  <testcase name="updateMeeting" time="1.322" classname="com.meeting.frontend.WebAppTest"/>
  <testcase name="deleteMeeting" time="0.544" classname="com.meeting.frontend.WebAppTest"/>
</testsuite> <!-- com.meeting.frontend.WebAppTest -->
