<?xml version="1.0" encoding="UTF-8"?>
<!-- Generated by org.testng.reporters.JUnitReportReporter -->
<testsuite skipped="0" hostname="AFSWWWMJNT957O" name="test.meeting.frontend.MeetingTest" tests="3" failures="0" timestamp="04 Jun 2019 18:42:23 GMT" time="4.612" errors="0">
  <testcase name="createMeeting" time="1.809" classname="test.meeting.frontend.MeetingTest"/>
  <testcase name="updateMeeting" time="2.012" classname="test.meeting.frontend.MeetingTest"/>
  <testcase name="deleteMeeting" time="0.791" classname="test.meeting.frontend.MeetingTest"/>
</testsuite> <!-- test.meeting.frontend.MeetingTest -->
