<?xml version="1.0" encoding="UTF-8"?>
<!-- Generated by org.testng.reporters.JUnitReportReporter -->
<testsuite skipped="0" hostname="AFSWWWMJNT957O" name="com.meeting.frontend.Meeting" tests="2" failures="0" timestamp="28 May 2019 15:42:54 GMT" time="6.814" errors="0">
  <testcase name="openApp" time="0.806" classname="com.meeting.frontend.Meeting"/>
  <testcase name="login" time="6.008" classname="com.meeting.frontend.Meeting"/>
</testsuite> <!-- com.meeting.frontend.Meeting -->
