<?xml version="1.0" encoding="UTF-8"?>
<!-- Generated by org.testng.reporters.JUnitReportReporter -->
<testsuite skipped="0" hostname="AFSWWWMJNT957O" name="com.meeting.service.MeetingServiceTest" tests="14" failures="0" timestamp="31 May 2019 20:33:25 GMT" time="0.057" errors="0">
  <testcase name="FindByHostEquals" time="0.002" classname="com.meeting.service.MeetingServiceTest"/>
  <testcase name="CreateEquals" time="0.022" classname="com.meeting.service.MeetingServiceTest"/>
  <testcase name="FindByHostNull" time="0.002" classname="com.meeting.service.MeetingServiceTest"/>
  <testcase name="DeleteByIdTrue" time="0.002" classname="com.meeting.service.MeetingServiceTest"/>
  <testcase name="DeleteByIdFalse" time="0.004" classname="com.meeting.service.MeetingServiceTest"/>
  <testcase name="FindByIdNotNull" time="0.002" classname="com.meeting.service.MeetingServiceTest"/>
  <testcase name="UpdateNull" time="0.004" classname="com.meeting.service.MeetingServiceTest"/>
  <testcase name="FindAllNull" time="0.001" classname="com.meeting.service.MeetingServiceTest"/>
  <testcase name="UpdateNotNull" time="0.003" classname="com.meeting.service.MeetingServiceTest"/>
  <testcase name="CreateNull" time="0.002" classname="com.meeting.service.MeetingServiceTest"/>
  <testcase name="FindByIdNull" time="0.002" classname="com.meeting.service.MeetingServiceTest"/>
  <testcase name="CreateNotNull" time="0.002" classname="com.meeting.service.MeetingServiceTest"/>
  <testcase name="FindAllEquals" time="0.006" classname="com.meeting.service.MeetingServiceTest"/>
  <testcase name="CreateNotEquals" time="0.003" classname="com.meeting.service.MeetingServiceTest"/>
</testsuite> <!-- com.meeting.service.MeetingServiceTest -->
