<?xml version="1.0" encoding="UTF-8"?>
<!-- Generated by org.testng.reporters.JUnitReportReporter -->
<testsuite skipped="0" hostname="AFSWWWMJNT957O" name="test.meeting.backend.MeetingServiceTest" tests="14" failures="0" timestamp="04 Jun 2019 18:43:39 GMT" time="0.139" errors="0">
  <testcase name="CreateEquals" time="0.080" classname="test.meeting.backend.MeetingServiceTest"/>
  <testcase name="UpdateNull" time="0.003" classname="test.meeting.backend.MeetingServiceTest"/>
  <testcase name="FindAllEquals" time="0.005" classname="test.meeting.backend.MeetingServiceTest"/>
  <testcase name="DeleteByIdTrue" time="0.003" classname="test.meeting.backend.MeetingServiceTest"/>
  <testcase name="FindByIdNull" time="0.004" classname="test.meeting.backend.MeetingServiceTest"/>
  <testcase name="FindByIdNotNull" time="0.008" classname="test.meeting.backend.MeetingServiceTest"/>
  <testcase name="CreateNotEquals" time="0.006" classname="test.meeting.backend.MeetingServiceTest"/>
  <testcase name="CreateNull" time="0.004" classname="test.meeting.backend.MeetingServiceTest"/>
  <testcase name="DeleteByIdFalse" time="0.005" classname="test.meeting.backend.MeetingServiceTest"/>
  <testcase name="FindByHostEquals" time="0.004" classname="test.meeting.backend.MeetingServiceTest"/>
  <testcase name="FindByHostNull" time="0.002" classname="test.meeting.backend.MeetingServiceTest"/>
  <testcase name="FindAllNull" time="0.005" classname="test.meeting.backend.MeetingServiceTest"/>
  <testcase name="UpdateNotNull" time="0.006" classname="test.meeting.backend.MeetingServiceTest"/>
  <testcase name="CreateNotNull" time="0.004" classname="test.meeting.backend.MeetingServiceTest"/>
</testsuite> <!-- test.meeting.backend.MeetingServiceTest -->
