<?xml version="1.0" encoding="UTF-8"?>
<!-- Generated by org.testng.reporters.JUnitReportReporter -->
<testsuite skipped="0" hostname="AFSWWWMJNT957O" name="test.meeting.frontend.LoginTest" tests="2" failures="0" timestamp="04 Jun 2019 18:42:23 GMT" time="1.432" errors="0">
  <testcase name="loginFail" time="0.487" classname="test.meeting.frontend.LoginTest"/>
  <testcase name="loginPass" time="0.945" classname="test.meeting.frontend.LoginTest"/>
</testsuite> <!-- test.meeting.frontend.LoginTest -->
