<?xml version="1.0" encoding="UTF-8"?>
<!-- Generated by org.testng.reporters.JUnitReportReporter -->
<testsuite skipped="0" hostname="AFSWWWMJNT957O" name="test.meeting.backend.UserServiceTest" tests="14" failures="0" timestamp="04 Jun 2019 18:43:39 GMT" time="0.076" errors="0">
  <testcase name="deleteByIdFalse" time="0.002" classname="test.meeting.backend.UserServiceTest"/>
  <testcase name="loginFalse" time="0.005" classname="test.meeting.backend.UserServiceTest"/>
  <testcase name="findByIdNull" time="0.003" classname="test.meeting.backend.UserServiceTest"/>
  <testcase name="createNotNull" time="0.002" classname="test.meeting.backend.UserServiceTest"/>
  <testcase name="createNull" time="0.002" classname="test.meeting.backend.UserServiceTest"/>
  <testcase name="findAllNull" time="0.006" classname="test.meeting.backend.UserServiceTest"/>
  <testcase name="CreateNotEquals" time="0.005" classname="test.meeting.backend.UserServiceTest"/>
  <testcase name="findByIdNotNull" time="0.003" classname="test.meeting.backend.UserServiceTest"/>
  <testcase name="loginTrue" time="0.004" classname="test.meeting.backend.UserServiceTest"/>
  <testcase name="updateNotNull" time="0.004" classname="test.meeting.backend.UserServiceTest"/>
  <testcase name="updateNull" time="0.028" classname="test.meeting.backend.UserServiceTest"/>
  <testcase name="CreateEquals" time="0.003" classname="test.meeting.backend.UserServiceTest"/>
  <testcase name="findAllEquals" time="0.004" classname="test.meeting.backend.UserServiceTest"/>
  <testcase name="deleteByIdTrue" time="0.005" classname="test.meeting.backend.UserServiceTest"/>
</testsuite> <!-- test.meeting.backend.UserServiceTest -->
