<?xml version="1.0" encoding="UTF-8"?>
<!-- Generated by org.testng.reporters.JUnitReportReporter -->
<testsuite skipped="0" hostname="AFSWWWMJNT957O" name="com.meeting.service.MeetingServiceTest" tests="4" failures="0" timestamp="23 May 2019 20:58:52 GMT" time="0.089" errors="0">
  <testcase name="findByIdPositive" time="0.004" classname="com.meeting.service.MeetingServiceTest"/>
  <testcase name="deleteByIdPositive" time="0.005" classname="com.meeting.service.MeetingServiceTest"/>
  <testcase name="deleteByIdNegative" time="0.070" classname="com.meeting.service.MeetingServiceTest"/>
  <testcase name="findByIdNegative" time="0.010" classname="com.meeting.service.MeetingServiceTest"/>
</testsuite> <!-- com.meeting.service.MeetingServiceTest -->
